<?xml version="1.0" encoding="UTF-8"?>
<Site BuildName="Linux-arm-linux-gnueabihf-g++"
	BuildStamp="20240217-2058-Experimental"
	Name="raspberrypi"
	Generator="ctest-3.18.4"
	CompilerName="/usr/bin/arm-linux-gnueabihf-g++"
	CompilerVersion="10.2.1"
	OSName="Linux"
	Hostname="raspberrypi"
	OSRelease="6.6.16-v7+"
	OSVersion="#1732 SMP Tue Feb 13 13:08:08 GMT 2024"
	OSPlatform="armv7l"
	Is64Bits="0"
	VendorString=""
	VendorID="Unknown Manufacturer"
	FamilyID="7"
	ModelID="0"
	ProcessorCacheSize="0"
	NumberOfLogicalCPU="4"
	NumberOfPhysicalCPU="1"
	TotalVirtualMemory="99"
	TotalPhysicalMemory="917"
	LogicalProcessorsPerPhysical="4"
	ProcessorClockFrequency="0"
	>
	<Testing>
		<StartDateTime>Feb 17 21:10 UTC</StartDateTime>
		<StartTestTime>1708204249</StartTestTime>
		<TestList/>
		<EndDateTime>Feb 17 21:10 UTC</EndDateTime>
		<EndTestTime>1708204249</EndTestTime>
		<ElapsedMinutes>0</ElapsedMinutes>
	</Testing>
</Site>
